2023-07-08 02:29:07,627 - __main__ - INFO - User said ynen...
Starting Application
2023-07-08 02:33:28,145 - __main__ - INFO - User said nfrui...
Starting Application
2023-07-08 02:52:12,297 - __main__ - INFO - 1000 given as input for first positional argument
2023-07-08 02:52:19,097 - __main__ - INFO - User said yes...
Starting Application
2023-07-08 02:59:37,082 - __main__ - INFO - User said yes...
Starting Application
2023-07-08 02:59:37,084 - __main__ - INFO - 1000 given as input for first positional argument
2023-07-08 03:28:21,049 - __main__ - INFO - Starting Application
2023-07-08 03:28:21,049 - __main__ - ERROR - {user_e} raised
2023-07-08 03:36:11,182 - __main__ - INFO - Starting Application
2023-07-08 03:36:11,183 - __main__ - INFO - Calculating Fibonacci Series...
2023-07-08 03:36:11,183 - __main__ - INFO - 5000 given as input for first positional argument
2023-07-08 03:36:35,230 - __main__ - INFO - Starting Application
2023-07-08 03:36:35,230 - __main__ - ERROR - {user_e} raised
2023-07-08 03:37:59,632 - __main__ - INFO - Starting Application
2023-07-08 03:37:59,633 - __main__ - ERROR - {user_e} raised
2023-07-08 03:44:57,526 - __main__ - INFO - Starting Application
2023-07-08 03:45:44,251 - __main__ - INFO - Starting Application
2023-07-08 03:45:44,251 - __main__ - INFO - Moin fam!
2023-07-08 03:52:05,003 - __main__ - INFO - Starting Application
2023-07-08 03:52:05,004 - __main__ - INFO - Calculating Fibonacci Series...
2023-07-08 03:52:05,004 - __main__ - INFO - 1000000 given as input for first positional argument
2023-07-08 04:34:55,870 - __main__ - INFO - Starting Application
2023-07-08 04:34:55,871 - __main__ - INFO - Calculating Fibonacci Series...
2023-07-08 04:34:55,871 - __main__ - INFO - 15 given as input for first positional argument
2023-07-08 04:41:30,051 - __main__ - INFO - Starting Application
2023-07-08 04:41:30,051 - __main__ - INFO - Calculating Fibonacci Series...
2023-07-08 04:41:30,051 - __main__ - INFO - 1000 given as input for first positional argument
2023-07-08 04:41:39,509 - __main__ - INFO - Starting Application
2023-07-08 04:41:39,510 - __main__ - INFO - Calculating Fibonacci Series...
2023-07-08 04:41:39,510 - __main__ - INFO - 1000 given as input for first positional argument
2023-07-08 05:00:14,990 - __main__ - INFO - Starting Application
2023-07-08 05:00:14,990 - __main__ - INFO - Calculating Fibonacci Series...
2023-07-08 05:00:14,990 - __main__ - INFO - 12454 given as input for first positional argument
2023-07-08 05:04:03,218 - __main__ - INFO - Starting Application
2023-07-08 05:04:03,219 - __main__ - INFO - Calculating Fibonacci Series...
2023-07-08 05:04:03,219 - __main__ - INFO - 4545353 given as input for first positional argument
2023-07-08 05:04:03,219 - __main__ - ERROR - 'NoneType' object is not callable
2023-07-08 05:07:37,942 - __main__ - INFO - Starting Application
2023-07-08 05:07:37,942 - __main__ - INFO - Calculating Fibonacci Series...
2023-07-08 05:07:37,943 - __main__ - INFO - 23432432 given as input for first positional argument
2023-07-08 05:07:37,943 - __main__ - ERROR - 'NoneType' object is not callable
2023-07-08 05:08:05,197 - __main__ - INFO - Starting Application
2023-07-08 05:08:05,197 - __main__ - INFO - Calculating Fibonacci Series...
2023-07-08 05:08:05,197 - __main__ - INFO - 3243234 given as input for first positional argument
2023-07-08 05:08:05,197 - __main__ - ERROR - 'NoneType' object is not callable
2023-07-08 05:08:16,807 - __main__ - INFO - Starting Application
2023-07-08 05:08:16,808 - __main__ - INFO - Calculating Fibonacci Series...
2023-07-08 05:08:16,808 - __main__ - INFO - 14 given as input for first positional argument
2023-07-08 05:08:29,258 - __main__ - INFO - Starting Application
2023-07-08 05:08:29,258 - __main__ - INFO - Calculating Fibonacci Series...
2023-07-08 05:08:29,258 - __main__ - INFO - 16 given as input for first positional argument
2023-07-08 05:11:31,213 - __main__ - INFO - Starting Application
2023-07-08 05:11:31,213 - __main__ - INFO - Calculating Fibonacci Series...
2023-07-08 05:11:31,213 - __main__ - INFO - 17 given as input for first positional argument
2023-07-08 05:11:42,723 - __main__ - INFO - Starting Application
2023-07-08 05:11:42,723 - __main__ - INFO - Calculating Fibonacci Series...
2023-07-08 05:11:42,723 - __main__ - INFO - 16 given as input for first positional argument
2023-07-08 05:11:59,930 - __main__ - INFO - Starting Application
2023-07-08 05:11:59,930 - __main__ - INFO - Calculating Fibonacci Series...
2023-07-08 05:11:59,930 - __main__ - INFO - 15 given as input for first positional argument
2023-07-08 05:12:18,064 - __main__ - INFO - Starting Application
2023-07-08 05:12:18,064 - __main__ - INFO - Calculating Fibonacci Series...
2023-07-08 05:12:18,064 - __main__ - INFO - 20 given as input for first positional argument
2023-07-08 05:12:28,044 - __main__ - INFO - Starting Application
2023-07-08 05:12:28,044 - __main__ - INFO - Calculating Fibonacci Series...
2023-07-08 05:12:28,044 - __main__ - INFO - 21 given as input for first positional argument
2023-07-08 05:12:31,764 - __main__ - INFO - Starting Application
2023-07-08 05:12:31,764 - __main__ - INFO - Calculating Fibonacci Series...
2023-07-08 05:12:31,764 - __main__ - INFO - 22 given as input for first positional argument
