2023-07-08 03:52:05,004 - fibonacci - INFO - List is [] - initializing function
2023-07-08 03:52:05,004 - fibonacci - INFO - x_0 and x_1 are 0,1 - initializing function
2023-07-08 03:52:05,004 - fibonacci - INFO - List is [0, 1] - initializing function
2023-07-08 03:52:05,004 - fibonacci - INFO - List is [0, 1, 1] - running function...
2023-07-08 03:52:05,004 - fibonacci - INFO - List is [0, 1, 1, 2] - running function...
2023-07-08 03:52:05,004 - fibonacci - INFO - List is [0, 1, 1, 2, 3] - running function...
2023-07-08 03:52:05,004 - fibonacci - INFO - List is [0, 1, 1, 2, 3, 5] - running function...
2023-07-08 03:52:05,004 - fibonacci - INFO - List is [0, 1, 1, 2, 3, 5, 8] - running function...
2023-07-08 03:52:05,004 - fibonacci - INFO - List is [0, 1, 1, 2, 3, 5, 8, 13] - running function...
2023-07-08 03:52:05,004 - fibonacci - INFO - List is [0, 1, 1, 2, 3, 5, 8, 13, 21] - running function...
2023-07-08 03:52:05,004 - fibonacci - INFO - List is [0, 1, 1, 2, 3, 5, 8, 13, 21, 34] - running function...
2023-07-08 03:52:05,004 - fibonacci - INFO - List is [0, 1, 1, 2, 3, 5, 8, 13, 21, 34, 55] - running function...
2023-07-08 03:52:05,004 - fibonacci - INFO - List is [0, 1, 1, 2, 3, 5, 8, 13, 21, 34, 55, 89] - running function...
2023-07-08 03:52:05,004 - fibonacci - INFO - List is [0, 1, 1, 2, 3, 5, 8, 13, 21, 34, 55, 89, 144] - running function...
2023-07-08 03:52:05,004 - fibonacci - INFO - List is [0, 1, 1, 2, 3, 5, 8, 13, 21, 34, 55, 89, 144, 233] - running function...
2023-07-08 03:52:05,004 - fibonacci - INFO - List is [0, 1, 1, 2, 3, 5, 8, 13, 21, 34, 55, 89, 144, 233, 377] - running function...
2023-07-08 03:52:05,004 - fibonacci - INFO - List is [0, 1, 1, 2, 3, 5, 8, 13, 21, 34, 55, 89, 144, 233, 377, 610] - running function...
2023-07-08 03:52:05,004 - fibonacci - INFO - List is [0, 1, 1, 2, 3, 5, 8, 13, 21, 34, 55, 89, 144, 233, 377, 610, 987] - running function...
2023-07-08 03:52:05,004 - fibonacci - INFO - List is [0, 1, 1, 2, 3, 5, 8, 13, 21, 34, 55, 89, 144, 233, 377, 610, 987, 1597] - running function...
2023-07-08 03:52:05,004 - fibonacci - INFO - List is [0, 1, 1, 2, 3, 5, 8, 13, 21, 34, 55, 89, 144, 233, 377, 610, 987, 1597, 2584] - running function...
2023-07-08 03:52:05,004 - fibonacci - INFO - List is [0, 1, 1, 2, 3, 5, 8, 13, 21, 34, 55, 89, 144, 233, 377, 610, 987, 1597, 2584, 4181] - running function...
2023-07-08 03:52:05,004 - fibonacci - INFO - List is [0, 1, 1, 2, 3, 5, 8, 13, 21, 34, 55, 89, 144, 233, 377, 610, 987, 1597, 2584, 4181, 6765] - running function...
2023-07-08 03:52:05,004 - fibonacci - INFO - List is [0, 1, 1, 2, 3, 5, 8, 13, 21, 34, 55, 89, 144, 233, 377, 610, 987, 1597, 2584, 4181, 6765, 10946] - running function...
2023-07-08 03:52:05,004 - fibonacci - INFO - List is [0, 1, 1, 2, 3, 5, 8, 13, 21, 34, 55, 89, 144, 233, 377, 610, 987, 1597, 2584, 4181, 6765, 10946, 17711] - running function...
2023-07-08 03:52:05,004 - fibonacci - INFO - List is [0, 1, 1, 2, 3, 5, 8, 13, 21, 34, 55, 89, 144, 233, 377, 610, 987, 1597, 2584, 4181, 6765, 10946, 17711, 28657] - running function...
2023-07-08 03:52:05,004 - fibonacci - INFO - List is [0, 1, 1, 2, 3, 5, 8, 13, 21, 34, 55, 89, 144, 233, 377, 610, 987, 1597, 2584, 4181, 6765, 10946, 17711, 28657, 46368] - running function...
2023-07-08 03:52:05,004 - fibonacci - INFO - List is [0, 1, 1, 2, 3, 5, 8, 13, 21, 34, 55, 89, 144, 233, 377, 610, 987, 1597, 2584, 4181, 6765, 10946, 17711, 28657, 46368, 75025] - running function...
2023-07-08 03:52:05,004 - fibonacci - INFO - List is [0, 1, 1, 2, 3, 5, 8, 13, 21, 34, 55, 89, 144, 233, 377, 610, 987, 1597, 2584, 4181, 6765, 10946, 17711, 28657, 46368, 75025, 121393] - running function...
2023-07-08 03:52:05,004 - fibonacci - INFO - List is [0, 1, 1, 2, 3, 5, 8, 13, 21, 34, 55, 89, 144, 233, 377, 610, 987, 1597, 2584, 4181, 6765, 10946, 17711, 28657, 46368, 75025, 121393, 196418] - running function...
2023-07-08 03:52:05,004 - fibonacci - INFO - List is [0, 1, 1, 2, 3, 5, 8, 13, 21, 34, 55, 89, 144, 233, 377, 610, 987, 1597, 2584, 4181, 6765, 10946, 17711, 28657, 46368, 75025, 121393, 196418, 317811] - running function...
2023-07-08 03:52:05,004 - fibonacci - INFO - List is [0, 1, 1, 2, 3, 5, 8, 13, 21, 34, 55, 89, 144, 233, 377, 610, 987, 1597, 2584, 4181, 6765, 10946, 17711, 28657, 46368, 75025, 121393, 196418, 317811, 514229] - running function...
2023-07-08 03:52:05,004 - fibonacci - INFO - List is [0, 1, 1, 2, 3, 5, 8, 13, 21, 34, 55, 89, 144, 233, 377, 610, 987, 1597, 2584, 4181, 6765, 10946, 17711, 28657, 46368, 75025, 121393, 196418, 317811, 514229, 832040] - running function...
2023-07-08 03:52:05,004 - fibonacci - INFO - List is [0, 1, 1, 2, 3, 5, 8, 13, 21, 34, 55, 89, 144, 233, 377, 610, 987, 1597, 2584, 4181, 6765, 10946, 17711, 28657, 46368, 75025, 121393, 196418, 317811, 514229, 832040, 1346269] - running function...
2023-07-08 04:34:55,871 - fibonacci - INFO - List is [] - initializing function
2023-07-08 04:34:55,871 - fibonacci - INFO - x_0 and x_1 are 0,1 - initializing function
2023-07-08 04:34:55,871 - fibonacci - INFO - List is [0, 1] - initializing function
2023-07-08 04:34:55,871 - fibonacci - INFO - List is [0, 1, 1] - running function...
2023-07-08 04:34:55,871 - fibonacci - INFO - List is [0, 1, 1, 2] - running function...
2023-07-08 04:34:55,871 - fibonacci - INFO - List is [0, 1, 1, 2, 3] - running function...
2023-07-08 04:34:55,871 - fibonacci - INFO - List is [0, 1, 1, 2, 3, 5] - running function...
2023-07-08 04:34:55,871 - fibonacci - INFO - List is [0, 1, 1, 2, 3, 5, 8] - running function...
2023-07-08 04:34:55,871 - fibonacci - INFO - List is [0, 1, 1, 2, 3, 5, 8, 13] - running function...
2023-07-08 04:34:55,871 - fibonacci - INFO - List is [0, 1, 1, 2, 3, 5, 8, 13, 21] - running function...
2023-07-08 04:41:30,051 - fibonacci - INFO - List is [] - initializing function
2023-07-08 04:41:30,051 - fibonacci - INFO - x_0 and x_1 are 0,1 - initializing function
2023-07-08 04:41:30,051 - fibonacci - INFO - List is [0, 1] - initializing function
2023-07-08 04:41:30,051 - fibonacci - INFO - List is [0, 1, 1] - running function...
2023-07-08 04:41:30,051 - fibonacci - INFO - List is [0, 1, 1, 2] - running function...
2023-07-08 04:41:30,051 - fibonacci - INFO - List is [0, 1, 1, 2, 3] - running function...
2023-07-08 04:41:30,051 - fibonacci - INFO - List is [0, 1, 1, 2, 3, 5] - running function...
2023-07-08 04:41:30,051 - fibonacci - INFO - List is [0, 1, 1, 2, 3, 5, 8] - running function...
2023-07-08 04:41:30,051 - fibonacci - INFO - List is [0, 1, 1, 2, 3, 5, 8, 13] - running function...
2023-07-08 04:41:30,051 - fibonacci - INFO - List is [0, 1, 1, 2, 3, 5, 8, 13, 21] - running function...
2023-07-08 04:41:30,051 - fibonacci - INFO - List is [0, 1, 1, 2, 3, 5, 8, 13, 21, 34] - running function...
2023-07-08 04:41:30,051 - fibonacci - INFO - List is [0, 1, 1, 2, 3, 5, 8, 13, 21, 34, 55] - running function...
2023-07-08 04:41:30,051 - fibonacci - INFO - List is [0, 1, 1, 2, 3, 5, 8, 13, 21, 34, 55, 89] - running function...
2023-07-08 04:41:30,051 - fibonacci - INFO - List is [0, 1, 1, 2, 3, 5, 8, 13, 21, 34, 55, 89, 144] - running function...
2023-07-08 04:41:30,051 - fibonacci - INFO - List is [0, 1, 1, 2, 3, 5, 8, 13, 21, 34, 55, 89, 144, 233] - running function...
2023-07-08 04:41:30,052 - fibonacci - INFO - List is [0, 1, 1, 2, 3, 5, 8, 13, 21, 34, 55, 89, 144, 233, 377] - running function...
2023-07-08 04:41:30,052 - fibonacci - INFO - List is [0, 1, 1, 2, 3, 5, 8, 13, 21, 34, 55, 89, 144, 233, 377, 610] - running function...
2023-07-08 04:41:30,052 - fibonacci - INFO - List is [0, 1, 1, 2, 3, 5, 8, 13, 21, 34, 55, 89, 144, 233, 377, 610, 987] - running function...
2023-07-08 04:41:30,052 - fibonacci - INFO - List is [0, 1, 1, 2, 3, 5, 8, 13, 21, 34, 55, 89, 144, 233, 377, 610, 987, 1597] - running function...
2023-07-08 04:41:39,510 - fibonacci - INFO - List is [] - initializing function
2023-07-08 04:41:39,510 - fibonacci - INFO - x_0 and x_1 are 0,1 - initializing function
2023-07-08 04:41:39,510 - fibonacci - INFO - List is [0, 1] - initializing function
2023-07-08 04:41:39,510 - fibonacci - INFO - List is [0, 1, 1] - running function...
2023-07-08 04:41:39,510 - fibonacci - INFO - List is [0, 1, 1, 2] - running function...
2023-07-08 04:41:39,510 - fibonacci - INFO - List is [0, 1, 1, 2, 3] - running function...
2023-07-08 04:41:39,510 - fibonacci - INFO - List is [0, 1, 1, 2, 3, 5] - running function...
2023-07-08 04:41:39,510 - fibonacci - INFO - List is [0, 1, 1, 2, 3, 5, 8] - running function...
2023-07-08 04:41:39,510 - fibonacci - INFO - List is [0, 1, 1, 2, 3, 5, 8, 13] - running function...
2023-07-08 04:41:39,510 - fibonacci - INFO - List is [0, 1, 1, 2, 3, 5, 8, 13, 21] - running function...
2023-07-08 04:41:39,510 - fibonacci - INFO - List is [0, 1, 1, 2, 3, 5, 8, 13, 21, 34] - running function...
2023-07-08 04:41:39,510 - fibonacci - INFO - List is [0, 1, 1, 2, 3, 5, 8, 13, 21, 34, 55] - running function...
2023-07-08 04:41:39,510 - fibonacci - INFO - List is [0, 1, 1, 2, 3, 5, 8, 13, 21, 34, 55, 89] - running function...
2023-07-08 04:41:39,510 - fibonacci - INFO - List is [0, 1, 1, 2, 3, 5, 8, 13, 21, 34, 55, 89, 144] - running function...
2023-07-08 04:41:39,510 - fibonacci - INFO - List is [0, 1, 1, 2, 3, 5, 8, 13, 21, 34, 55, 89, 144, 233] - running function...
2023-07-08 04:41:39,510 - fibonacci - INFO - List is [0, 1, 1, 2, 3, 5, 8, 13, 21, 34, 55, 89, 144, 233, 377] - running function...
2023-07-08 04:41:39,510 - fibonacci - INFO - List is [0, 1, 1, 2, 3, 5, 8, 13, 21, 34, 55, 89, 144, 233, 377, 610] - running function...
2023-07-08 04:41:39,510 - fibonacci - INFO - List is [0, 1, 1, 2, 3, 5, 8, 13, 21, 34, 55, 89, 144, 233, 377, 610, 987] - running function...
2023-07-08 04:41:39,510 - fibonacci - INFO - List is [0, 1, 1, 2, 3, 5, 8, 13, 21, 34, 55, 89, 144, 233, 377, 610, 987, 1597] - running function...
2023-07-08 05:00:14,990 - fibonacci - INFO - List is [] - initializing function
2023-07-08 05:00:14,990 - fibonacci - INFO - x_0 and x_1 are 0,1 - initializing function
2023-07-08 05:00:14,990 - fibonacci - INFO - List is [0, 1] - initializing function
2023-07-08 05:00:14,990 - fibonacci - INFO - List is [0, 1, 1] - running function...
2023-07-08 05:00:14,990 - fibonacci - INFO - List is [0, 1, 1, 2] - running function...
2023-07-08 05:00:14,990 - fibonacci - INFO - List is [0, 1, 1, 2, 3] - running function...
2023-07-08 05:00:14,990 - fibonacci - INFO - List is [0, 1, 1, 2, 3, 5] - running function...
2023-07-08 05:00:14,990 - fibonacci - INFO - List is [0, 1, 1, 2, 3, 5, 8] - running function...
2023-07-08 05:00:14,990 - fibonacci - INFO - List is [0, 1, 1, 2, 3, 5, 8, 13] - running function...
2023-07-08 05:00:14,990 - fibonacci - INFO - List is [0, 1, 1, 2, 3, 5, 8, 13, 21] - running function...
2023-07-08 05:00:14,990 - fibonacci - INFO - List is [0, 1, 1, 2, 3, 5, 8, 13, 21, 34] - running function...
2023-07-08 05:00:14,990 - fibonacci - INFO - List is [0, 1, 1, 2, 3, 5, 8, 13, 21, 34, 55] - running function...
2023-07-08 05:00:14,990 - fibonacci - INFO - List is [0, 1, 1, 2, 3, 5, 8, 13, 21, 34, 55, 89] - running function...
2023-07-08 05:00:14,990 - fibonacci - INFO - List is [0, 1, 1, 2, 3, 5, 8, 13, 21, 34, 55, 89, 144] - running function...
2023-07-08 05:00:14,991 - fibonacci - INFO - List is [0, 1, 1, 2, 3, 5, 8, 13, 21, 34, 55, 89, 144, 233] - running function...
2023-07-08 05:00:14,991 - fibonacci - INFO - List is [0, 1, 1, 2, 3, 5, 8, 13, 21, 34, 55, 89, 144, 233, 377] - running function...
2023-07-08 05:00:14,991 - fibonacci - INFO - List is [0, 1, 1, 2, 3, 5, 8, 13, 21, 34, 55, 89, 144, 233, 377, 610] - running function...
2023-07-08 05:00:14,991 - fibonacci - INFO - List is [0, 1, 1, 2, 3, 5, 8, 13, 21, 34, 55, 89, 144, 233, 377, 610, 987] - running function...
2023-07-08 05:00:14,991 - fibonacci - INFO - List is [0, 1, 1, 2, 3, 5, 8, 13, 21, 34, 55, 89, 144, 233, 377, 610, 987, 1597] - running function...
2023-07-08 05:00:14,991 - fibonacci - INFO - List is [0, 1, 1, 2, 3, 5, 8, 13, 21, 34, 55, 89, 144, 233, 377, 610, 987, 1597, 2584] - running function...
2023-07-08 05:00:14,991 - fibonacci - INFO - List is [0, 1, 1, 2, 3, 5, 8, 13, 21, 34, 55, 89, 144, 233, 377, 610, 987, 1597, 2584, 4181] - running function...
2023-07-08 05:00:14,991 - fibonacci - INFO - List is [0, 1, 1, 2, 3, 5, 8, 13, 21, 34, 55, 89, 144, 233, 377, 610, 987, 1597, 2584, 4181, 6765] - running function...
2023-07-08 05:00:14,991 - fibonacci - INFO - List is [0, 1, 1, 2, 3, 5, 8, 13, 21, 34, 55, 89, 144, 233, 377, 610, 987, 1597, 2584, 4181, 6765, 10946] - running function...
2023-07-08 05:00:14,991 - fibonacci - INFO - List is [0, 1, 1, 2, 3, 5, 8, 13, 21, 34, 55, 89, 144, 233, 377, 610, 987, 1597, 2584, 4181, 6765, 10946, 17711] - running function...
2023-07-08 05:08:16,808 - fibonacci - INFO - List is [] - initializing function
2023-07-08 05:08:16,808 - fibonacci - INFO - x_0 and x_1 are 0,1 - initializing function
2023-07-08 05:08:16,808 - fibonacci - INFO - List is [0, 1] - initializing function
2023-07-08 05:08:16,808 - fibonacci - INFO - List is [0, 1, 1] - running function...
2023-07-08 05:08:16,808 - fibonacci - INFO - List is [0, 1, 1, 2] - running function...
2023-07-08 05:08:16,808 - fibonacci - INFO - List is [0, 1, 1, 2, 3] - running function...
2023-07-08 05:08:16,808 - fibonacci - INFO - List is [0, 1, 1, 2, 3, 5] - running function...
2023-07-08 05:08:16,808 - fibonacci - INFO - List is [0, 1, 1, 2, 3, 5, 8] - running function...
2023-07-08 05:08:16,808 - fibonacci - INFO - List is [0, 1, 1, 2, 3, 5, 8, 13] - running function...
2023-07-08 05:08:16,808 - fibonacci - INFO - List is [0, 1, 1, 2, 3, 5, 8, 13, 21] - running function...
2023-07-08 05:08:29,258 - fibonacci - INFO - List is [] - initializing function
2023-07-08 05:08:29,258 - fibonacci - INFO - x_0 and x_1 are 0,1 - initializing function
2023-07-08 05:08:29,258 - fibonacci - INFO - List is [0, 1] - initializing function
2023-07-08 05:08:29,258 - fibonacci - INFO - List is [0, 1, 1] - running function...
2023-07-08 05:08:29,258 - fibonacci - INFO - List is [0, 1, 1, 2] - running function...
2023-07-08 05:08:29,258 - fibonacci - INFO - List is [0, 1, 1, 2, 3] - running function...
2023-07-08 05:08:29,258 - fibonacci - INFO - List is [0, 1, 1, 2, 3, 5] - running function...
2023-07-08 05:08:29,258 - fibonacci - INFO - List is [0, 1, 1, 2, 3, 5, 8] - running function...
2023-07-08 05:08:29,258 - fibonacci - INFO - List is [0, 1, 1, 2, 3, 5, 8, 13] - running function...
2023-07-08 05:08:29,258 - fibonacci - INFO - List is [0, 1, 1, 2, 3, 5, 8, 13, 21] - running function...
2023-07-08 05:11:31,213 - fibonacci - INFO - Passed argument is 17
2023-07-08 05:11:31,213 - fibonacci - INFO - List is [] - initializing function
2023-07-08 05:11:31,213 - fibonacci - INFO - x_0 and x_1 are 0,1 - initializing function
2023-07-08 05:11:31,213 - fibonacci - INFO - List is [0, 1] - initializing function
2023-07-08 05:11:31,213 - fibonacci - INFO - List is [0, 1, 1] - running function...
2023-07-08 05:11:31,213 - fibonacci - INFO - List is [0, 1, 1, 2] - running function...
2023-07-08 05:11:31,213 - fibonacci - INFO - List is [0, 1, 1, 2, 3] - running function...
2023-07-08 05:11:31,213 - fibonacci - INFO - List is [0, 1, 1, 2, 3, 5] - running function...
2023-07-08 05:11:31,213 - fibonacci - INFO - List is [0, 1, 1, 2, 3, 5, 8] - running function...
2023-07-08 05:11:31,213 - fibonacci - INFO - List is [0, 1, 1, 2, 3, 5, 8, 13] - running function...
2023-07-08 05:11:31,213 - fibonacci - INFO - List is [0, 1, 1, 2, 3, 5, 8, 13, 21] - running function...
2023-07-08 05:11:42,723 - fibonacci - INFO - Passed argument is 16
2023-07-08 05:11:42,723 - fibonacci - INFO - List is [] - initializing function
2023-07-08 05:11:42,723 - fibonacci - INFO - x_0 and x_1 are 0,1 - initializing function
2023-07-08 05:11:42,723 - fibonacci - INFO - List is [0, 1] - initializing function
2023-07-08 05:11:42,723 - fibonacci - INFO - List is [0, 1, 1] - running function...
2023-07-08 05:11:42,724 - fibonacci - INFO - List is [0, 1, 1, 2] - running function...
2023-07-08 05:11:42,724 - fibonacci - INFO - List is [0, 1, 1, 2, 3] - running function...
2023-07-08 05:11:42,724 - fibonacci - INFO - List is [0, 1, 1, 2, 3, 5] - running function...
2023-07-08 05:11:42,724 - fibonacci - INFO - List is [0, 1, 1, 2, 3, 5, 8] - running function...
2023-07-08 05:11:42,724 - fibonacci - INFO - List is [0, 1, 1, 2, 3, 5, 8, 13] - running function...
2023-07-08 05:11:42,724 - fibonacci - INFO - List is [0, 1, 1, 2, 3, 5, 8, 13, 21] - running function...
2023-07-08 05:11:59,930 - fibonacci - INFO - Passed argument is 15
2023-07-08 05:11:59,930 - fibonacci - INFO - List is [] - initializing function
2023-07-08 05:11:59,930 - fibonacci - INFO - x_0 and x_1 are 0,1 - initializing function
2023-07-08 05:11:59,930 - fibonacci - INFO - List is [0, 1] - initializing function
2023-07-08 05:11:59,930 - fibonacci - INFO - List is [0, 1, 1] - running function...
2023-07-08 05:11:59,930 - fibonacci - INFO - List is [0, 1, 1, 2] - running function...
2023-07-08 05:11:59,930 - fibonacci - INFO - List is [0, 1, 1, 2, 3] - running function...
2023-07-08 05:11:59,930 - fibonacci - INFO - List is [0, 1, 1, 2, 3, 5] - running function...
2023-07-08 05:11:59,930 - fibonacci - INFO - List is [0, 1, 1, 2, 3, 5, 8] - running function...
2023-07-08 05:11:59,930 - fibonacci - INFO - List is [0, 1, 1, 2, 3, 5, 8, 13] - running function...
2023-07-08 05:11:59,930 - fibonacci - INFO - List is [0, 1, 1, 2, 3, 5, 8, 13, 21] - running function...
2023-07-08 05:12:18,064 - fibonacci - INFO - Passed argument is 20
2023-07-08 05:12:18,064 - fibonacci - INFO - List is [] - initializing function
2023-07-08 05:12:18,064 - fibonacci - INFO - x_0 and x_1 are 0,1 - initializing function
2023-07-08 05:12:18,064 - fibonacci - INFO - List is [0, 1] - initializing function
2023-07-08 05:12:18,064 - fibonacci - INFO - List is [0, 1, 1] - running function...
2023-07-08 05:12:18,064 - fibonacci - INFO - List is [0, 1, 1, 2] - running function...
2023-07-08 05:12:18,064 - fibonacci - INFO - List is [0, 1, 1, 2, 3] - running function...
2023-07-08 05:12:18,064 - fibonacci - INFO - List is [0, 1, 1, 2, 3, 5] - running function...
2023-07-08 05:12:18,064 - fibonacci - INFO - List is [0, 1, 1, 2, 3, 5, 8] - running function...
2023-07-08 05:12:18,064 - fibonacci - INFO - List is [0, 1, 1, 2, 3, 5, 8, 13] - running function...
2023-07-08 05:12:18,064 - fibonacci - INFO - List is [0, 1, 1, 2, 3, 5, 8, 13, 21] - running function...
2023-07-08 05:12:28,044 - fibonacci - INFO - Passed argument is 21
2023-07-08 05:12:28,044 - fibonacci - INFO - List is [] - initializing function
2023-07-08 05:12:28,044 - fibonacci - INFO - x_0 and x_1 are 0,1 - initializing function
2023-07-08 05:12:28,044 - fibonacci - INFO - List is [0, 1] - initializing function
2023-07-08 05:12:28,044 - fibonacci - INFO - List is [0, 1, 1] - running function...
2023-07-08 05:12:28,044 - fibonacci - INFO - List is [0, 1, 1, 2] - running function...
2023-07-08 05:12:28,044 - fibonacci - INFO - List is [0, 1, 1, 2, 3] - running function...
2023-07-08 05:12:28,044 - fibonacci - INFO - List is [0, 1, 1, 2, 3, 5] - running function...
2023-07-08 05:12:28,044 - fibonacci - INFO - List is [0, 1, 1, 2, 3, 5, 8] - running function...
2023-07-08 05:12:28,044 - fibonacci - INFO - List is [0, 1, 1, 2, 3, 5, 8, 13] - running function...
2023-07-08 05:12:28,044 - fibonacci - INFO - List is [0, 1, 1, 2, 3, 5, 8, 13, 21] - running function...
2023-07-08 05:12:28,044 - fibonacci - INFO - List is [0, 1, 1, 2, 3, 5, 8, 13, 21, 34] - running function...
2023-07-08 05:12:31,764 - fibonacci - INFO - Passed argument is 22
2023-07-08 05:12:31,764 - fibonacci - INFO - List is [] - initializing function
2023-07-08 05:12:31,764 - fibonacci - INFO - x_0 and x_1 are 0,1 - initializing function
2023-07-08 05:12:31,764 - fibonacci - INFO - List is [0, 1] - initializing function
2023-07-08 05:12:31,764 - fibonacci - INFO - List is [0, 1, 1] - running function...
2023-07-08 05:12:31,764 - fibonacci - INFO - List is [0, 1, 1, 2] - running function...
2023-07-08 05:12:31,764 - fibonacci - INFO - List is [0, 1, 1, 2, 3] - running function...
2023-07-08 05:12:31,764 - fibonacci - INFO - List is [0, 1, 1, 2, 3, 5] - running function...
2023-07-08 05:12:31,764 - fibonacci - INFO - List is [0, 1, 1, 2, 3, 5, 8] - running function...
2023-07-08 05:12:31,764 - fibonacci - INFO - List is [0, 1, 1, 2, 3, 5, 8, 13] - running function...
2023-07-08 05:12:31,764 - fibonacci - INFO - List is [0, 1, 1, 2, 3, 5, 8, 13, 21] - running function...
2023-07-08 05:12:31,765 - fibonacci - INFO - List is [0, 1, 1, 2, 3, 5, 8, 13, 21, 34] - running function...
